<?xml version="1.0" encoding="UTF-8"?>
<testng-results ignored="0" total="1" passed="0" failed="1" skipped="0">
  <reporter-output>
  </reporter-output>
  <suite started-at="2025-03-11T10:24:05 IST" name="Master Suite" finished-at="2025-03-11T10:24:47 IST" duration-ms="41690">
    <groups>
      <group name="Sanity">
        <method signature="TC008_RejoinOperatorTest.verify_add_new_operator()[pri:1, instance:testCases.TC008_RejoinOperatorTest@76a36b71]" name="verify_add_new_operator" class="testCases.TC008_RejoinOperatorTest"/>
      </group> <!-- Sanity -->
      <group name="Regression">
        <method signature="TC008_RejoinOperatorTest.verify_add_new_operator()[pri:1, instance:testCases.TC008_RejoinOperatorTest@76a36b71]" name="verify_add_new_operator" class="testCases.TC008_RejoinOperatorTest"/>
      </group> <!-- Regression -->
    </groups>
    <test started-at="2025-03-11T10:24:05 IST" name="Test" finished-at="2025-03-11T10:24:47 IST" duration-ms="41690">
      <class name="testCases.TC008_RejoinOperatorTest">
        <test-method is-config="true" signature="setup(java.lang.String,java.lang.String)[pri:0, instance:testCases.TC008_RejoinOperatorTest@76a36b71]" started-at="2025-03-11T10:24:06 IST" name="setup" finished-at="2025-03-11T10:24:30 IST" duration-ms="24556" status="PASS">
          <params>
            <param index="0">
              <value>
                <![CDATA[Windows]]>
              </value>
            </param>
            <param index="1">
              <value>
                <![CDATA[firefox]]>
              </value>
            </param>
          </params>
          <reporter-output>
          </reporter-output>
        </test-method> <!-- setup -->
        <test-method signature="verify_add_new_operator()[pri:1, instance:testCases.TC008_RejoinOperatorTest@76a36b71]" started-at="2025-03-11T10:24:30 IST" name="verify_add_new_operator" finished-at="2025-03-11T10:24:45 IST" duration-ms="14735" status="FAIL">
          <exception class="java.lang.AssertionError">
            <message>
              <![CDATA[Test failed: Element <input class="text-black focus:outline-none focus:ring-0 focus:border-none w-full border-none mt-2 p-2 bg-light-4 font-medium rounded-md text-xs shadow-none" type="date"> is not reachable by keyboard
Build info: version: '4.20.0', revision: '866c76ca80'
System info: os.name: 'Windows 10', os.arch: 'amd64', os.version: '10.0', java.version: '17.0.8.1'
Driver info: org.openqa.selenium.firefox.FirefoxDriver
Command: [29b33499-7cef-45bd-85f9-b9013ce7cbf7, sendKeysToElement {id=38dabfbe-79af-4130-924f-3c6725d1ee81, value=[Ljava.lang.CharSequence;@9596ce8}]
Capabilities {acceptInsecureCerts: true, browserName: firefox, browserVersion: 136.0, moz:accessibilityChecks: false, moz:buildID: 20250227124745, moz:geckodriverVersion: 0.36.0, moz:headless: false, moz:platformVersion: 10.0, moz:processID: 3012, moz:profile: C:\Users\Ramiz\AppData\Loca..., moz:shutdownTimeout: 60000, moz:webdriverClick: true, moz:windowless: false, pageLoadStrategy: normal, platformName: windows, proxy: Proxy(), setWindowRect: true, strictFileInteractability: false, timeouts: {implicit: 0, pageLoad: 300000, script: 30000}, unhandledPromptBehavior: dismiss and notify, userAgent: Mozilla/5.0 (Windows NT 10....}
Element: [[FirefoxDriver: firefox on windows (29b33499-7cef-45bd-85f9-b9013ce7cbf7)] -> xpath: //label[contains(.,'oining')]/following-sibling::input]
Session ID: 29b33499-7cef-45bd-85f9-b9013ce7cbf7]]>
            </message>
            <full-stacktrace>
              <![CDATA[java.lang.AssertionError: Test failed: Element <input class="text-black focus:outline-none focus:ring-0 focus:border-none w-full border-none mt-2 p-2 bg-light-4 font-medium rounded-md text-xs shadow-none" type="date"> is not reachable by keyboard
Build info: version: '4.20.0', revision: '866c76ca80'
System info: os.name: 'Windows 10', os.arch: 'amd64', os.version: '10.0', java.version: '17.0.8.1'
Driver info: org.openqa.selenium.firefox.FirefoxDriver
Command: [29b33499-7cef-45bd-85f9-b9013ce7cbf7, sendKeysToElement {id=38dabfbe-79af-4130-924f-3c6725d1ee81, value=[Ljava.lang.CharSequence;@9596ce8}]
Capabilities {acceptInsecureCerts: true, browserName: firefox, browserVersion: 136.0, moz:accessibilityChecks: false, moz:buildID: 20250227124745, moz:geckodriverVersion: 0.36.0, moz:headless: false, moz:platformVersion: 10.0, moz:processID: 3012, moz:profile: C:\Users\Ramiz\AppData\Loca..., moz:shutdownTimeout: 60000, moz:webdriverClick: true, moz:windowless: false, pageLoadStrategy: normal, platformName: windows, proxy: Proxy(), setWindowRect: true, strictFileInteractability: false, timeouts: {implicit: 0, pageLoad: 300000, script: 30000}, unhandledPromptBehavior: dismiss and notify, userAgent: Mozilla/5.0 (Windows NT 10....}
Element: [[FirefoxDriver: firefox on windows (29b33499-7cef-45bd-85f9-b9013ce7cbf7)] -> xpath: //label[contains(.,'oining')]/following-sibling::input]
Session ID: 29b33499-7cef-45bd-85f9-b9013ce7cbf7
at org.testng.Assert.fail(Assert.java:111)
at testCases.TC008_RejoinOperatorTest.verify_add_new_operator(TC008_RejoinOperatorTest.java:65)
at java.base/jdk.internal.reflect.NativeMethodAccessorImpl.invoke0(Native Method)
at java.base/jdk.internal.reflect.NativeMethodAccessorImpl.invoke(NativeMethodAccessorImpl.java:77)
at java.base/jdk.internal.reflect.DelegatingMethodAccessorImpl.invoke(DelegatingMethodAccessorImpl.java:43)
at java.base/java.lang.reflect.Method.invoke(Method.java:568)
at org.testng.internal.invokers.MethodInvocationHelper.invokeMethod(MethodInvocationHelper.java:139)
at org.testng.internal.invokers.TestInvoker.invokeMethod(TestInvoker.java:664)
at org.testng.internal.invokers.TestInvoker.invokeTestMethod(TestInvoker.java:227)
at org.testng.internal.invokers.MethodRunner.runInSequence(MethodRunner.java:50)
at org.testng.internal.invokers.TestInvoker$MethodInvocationAgent.invoke(TestInvoker.java:957)
at org.testng.internal.invokers.TestInvoker.invokeTestMethods(TestInvoker.java:200)
at org.testng.internal.invokers.TestMethodWorker.invokeTestMethods(TestMethodWorker.java:148)
at org.testng.internal.invokers.TestMethodWorker.run(TestMethodWorker.java:128)
at java.base/java.util.ArrayList.forEach(ArrayList.java:1511)
at org.testng.TestRunner.privateRun(TestRunner.java:848)
at org.testng.TestRunner.run(TestRunner.java:621)
at org.testng.SuiteRunner.runTest(SuiteRunner.java:443)
at org.testng.SuiteRunner.runSequentially(SuiteRunner.java:437)
at org.testng.SuiteRunner.privateRun(SuiteRunner.java:397)
at org.testng.SuiteRunner.run(SuiteRunner.java:336)
at org.testng.SuiteRunnerWorker.runSuite(SuiteRunnerWorker.java:52)
at org.testng.SuiteRunnerWorker.run(SuiteRunnerWorker.java:95)
at org.testng.TestNG.runSuitesSequentially(TestNG.java:1280)
at org.testng.TestNG.runSuitesLocally(TestNG.java:1200)
at org.testng.TestNG.runSuites(TestNG.java:1114)
at org.testng.TestNG.run(TestNG.java:1082)
at org.testng.remote.AbstractRemoteTestNG.run(AbstractRemoteTestNG.java:115)
at org.testng.remote.RemoteTestNG.initAndRun(RemoteTestNG.java:293)
at org.testng.remote.RemoteTestNG.main(RemoteTestNG.java:91)
]]>
            </full-stacktrace>
          </exception> <!-- java.lang.AssertionError -->
          <reporter-output>
          </reporter-output>
        </test-method> <!-- verify_add_new_operator -->
        <test-method is-config="true" signature="tearDown()[pri:0, instance:testCases.TC008_RejoinOperatorTest@76a36b71]" started-at="2025-03-11T10:24:45 IST" name="tearDown" finished-at="2025-03-11T10:24:47 IST" duration-ms="1727" status="PASS">
          <reporter-output>
          </reporter-output>
        </test-method> <!-- tearDown -->
      </class> <!-- testCases.TC008_RejoinOperatorTest -->
    </test> <!-- Test -->
  </suite> <!-- Master Suite -->
</testng-results>
