<?xml version="1.0" encoding="UTF-8"?>
<!-- Generated by org.testng.reporters.JUnitReportReporter -->
<testsuite hostname="DESKTOP-9B6E1NU" failures="1" tests="6" name="testCases.TC002_AssetPageTest" time="7.719" errors="0" timestamp="2025-08-16T10:08:27 IST" skipped="2">
  <testcase classname="testCases.TC002_AssetPageTest" name="validateSearchFunctionality" time="2.184"/>
  <testcase classname="testCases.TC002_AssetPageTest" name="validateDashboardMetrics" time="0.654">
    <failure message="The following asserts failed:
	Total Rental Assets mismatch! Expected: 389, Found: 387 expected [389] but found [387],
	Total Assets Bought mismatch! Expected: 393, Found: 391 expected [393] but found [391]" type="java.lang.AssertionError">
      <![CDATA[java.lang.AssertionError: The following asserts failed:
Total Rental Assets mismatch! Expected: 389, Found: 387 expected [389] but found [387],
Total Assets Bought mismatch! Expected: 393, Found: 391 expected [393] but found [391]
at org.testng.asserts.SoftAssert.assertAll(SoftAssert.java:46)
at org.testng.asserts.SoftAssert.assertAll(SoftAssert.java:30)
at testCases.TC002_AssetPageTest.validateDashboardMetrics(TC002_AssetPageTest.java:46)
at java.base/jdk.internal.reflect.NativeMethodAccessorImpl.invoke0(Native Method)
at java.base/jdk.internal.reflect.NativeMethodAccessorImpl.invoke(NativeMethodAccessorImpl.java:77)
at java.base/jdk.internal.reflect.DelegatingMethodAccessorImpl.invoke(DelegatingMethodAccessorImpl.java:43)
at java.base/java.lang.reflect.Method.invoke(Method.java:568)
at org.testng.internal.invokers.MethodInvocationHelper.invokeMethod(MethodInvocationHelper.java:139)
at org.testng.internal.invokers.TestInvoker.invokeMethod(TestInvoker.java:664)
at org.testng.internal.invokers.TestInvoker.invokeTestMethod(TestInvoker.java:227)
at org.testng.internal.invokers.MethodRunner.runInSequence(MethodRunner.java:50)
at org.testng.internal.invokers.TestInvoker$MethodInvocationAgent.invoke(TestInvoker.java:957)
at org.testng.internal.invokers.TestInvoker.invokeTestMethods(TestInvoker.java:200)
at org.testng.internal.invokers.TestMethodWorker.invokeTestMethods(TestMethodWorker.java:148)
at org.testng.internal.invokers.TestMethodWorker.run(TestMethodWorker.java:128)
at java.base/java.util.ArrayList.forEach(ArrayList.java:1511)
at org.testng.TestRunner.privateRun(TestRunner.java:848)
at org.testng.TestRunner.run(TestRunner.java:621)
at org.testng.SuiteRunner.runTest(SuiteRunner.java:443)
at org.testng.SuiteRunner.runSequentially(SuiteRunner.java:437)
at org.testng.SuiteRunner.privateRun(SuiteRunner.java:397)
at org.testng.SuiteRunner.run(SuiteRunner.java:336)
at org.testng.SuiteRunnerWorker.runSuite(SuiteRunnerWorker.java:52)
at org.testng.SuiteRunnerWorker.run(SuiteRunnerWorker.java:95)
at org.testng.TestNG.runSuitesSequentially(TestNG.java:1280)
at org.testng.TestNG.runSuitesLocally(TestNG.java:1200)
at org.testng.TestNG.runSuites(TestNG.java:1114)
at org.testng.TestNG.run(TestNG.java:1082)
at org.testng.remote.AbstractRemoteTestNG.run(AbstractRemoteTestNG.java:115)
at org.testng.remote.RemoteTestNG.initAndRun(RemoteTestNG.java:293)
at org.testng.remote.RemoteTestNG.main(RemoteTestNG.java:91)
]]>
    </failure>
  </testcase> <!-- validateDashboardMetrics -->
  <testcase classname="testCases.TC002_AssetPageTest" name="validateExportExcel" time="0.510"/>
  <testcase classname="testCases.TC002_AssetPageTest" name="validateCreateNewAssetPage" time="4.371"/>
  <testcase classname="testCases.TC002_AssetPageTest" name="changePagination">
    <skipped/>
  </testcase> <!-- changePagination -->
  <testcase classname="testCases.TC002_AssetPageTest" name="filterByCategory">
    <skipped/>
  </testcase> <!-- filterByCategory -->
</testsuite> <!-- testCases.TC002_AssetPageTest -->
